[debug] [2018-12-30T11:39:16.933Z] ----------------------------------------------------------------------
[debug] [2018-12-30T11:39:16.938Z] Command:       C:\Program Files\nodejs\node.exe C:\Users\AJITH BHARATHI\AppData\Roaming\npm\node_modules\firebase-tools\lib\bin\firebase.js deploy
[debug] [2018-12-30T11:39:16.939Z] CLI Version:   6.2.2
[debug] [2018-12-30T11:39:16.939Z] Platform:      win32
[debug] [2018-12-30T11:39:16.939Z] Node Version:  v10.14.1
[debug] [2018-12-30T11:39:16.941Z] Time:          Sun Dec 30 2018 17:09:16 GMT+0530 (India Standard Time)
[debug] [2018-12-30T11:39:16.941Z] ----------------------------------------------------------------------
[debug] 
[debug] [2018-12-30T11:39:16.979Z] > command requires scopes: ["email","openid","https://www.googleapis.com/auth/cloudplatformprojects.readonly","https://www.googleapis.com/auth/firebase","https://www.googleapis.com/auth/cloud-platform"]
[debug] [2018-12-30T11:39:16.980Z] > authorizing via signed-in user
[debug] [2018-12-30T11:39:16.980Z] [iam] checking project employeelist2 for permissions ["firebase.projects.get","firebasedatabase.instances.update","firebasehosting.sites.update"]
[debug] [2018-12-30T11:39:16.986Z] >>> HTTP REQUEST POST https://cloudresourcemanager.googleapis.com/v1/projects/employeelist2:testIamPermissions  

[debug] [2018-12-30T11:39:18.650Z] <<< HTTP RESPONSE 200
[debug] [2018-12-30T11:39:18.657Z] >>> HTTP REQUEST GET https://firebase.googleapis.com/v1beta1/projects/employeelist2  
 
[debug] [2018-12-30T11:39:19.222Z] <<< HTTP RESPONSE 200
[info] 
[info] === Deploying to 'employeelist2'...
[info] 
[info] i  deploying database, hosting
[info] i  database: checking rules syntax...
[debug] [2018-12-30T11:39:19.251Z] >>> HTTP REQUEST PUT https://employeelist2.firebaseio.com/.settings/rules.json?dryRun=true  
 {
  /* Visit https://firebase.google.com/docs/database/security to learn more about security rules. */
  "rules": {
    ".read": false,
    ".write": false
  }
}
[debug] [2018-12-30T11:39:20.883Z] <<< HTTP RESPONSE 200
[info] +  database: rules syntax for database employeelist2 is valid
[debug] [2018-12-30T11:39:20.899Z] >>> HTTP REQUEST POST https://firebasehosting.googleapis.com/v1beta1/sites/employeelist2/versions  

[debug] [2018-12-30T11:39:51.298Z] Error: connect ETIMEDOUT 172.217.26.202:443
    at TCPConnectWrap.afterConnect [as oncomplete] (net.js:1113:14)
[error] 
[error] Error: Server Error. connect ETIMEDOUT 172.217.26.202:443
[debug] [2018-12-30T11:42:00.268Z] ----------------------------------------------------------------------
[debug] [2018-12-30T11:42:00.276Z] Command:       C:\Program Files\nodejs\node.exe C:\Users\AJITH BHARATHI\AppData\Roaming\npm\node_modules\firebase-tools\lib\bin\firebase.js deploy --only functions --debug
[debug] [2018-12-30T11:42:00.278Z] CLI Version:   6.2.2
[debug] [2018-12-30T11:42:00.279Z] Platform:      win32
[debug] [2018-12-30T11:42:00.280Z] Node Version:  v10.14.1
[debug] [2018-12-30T11:42:00.284Z] Time:          Sun Dec 30 2018 17:12:00 GMT+0530 (India Standard Time)
[debug] [2018-12-30T11:42:00.286Z] ----------------------------------------------------------------------
[debug] 
[error] 
[error] Error: Cannot understand what targets to deploy. Check that you specified valid targets if you used the --only or --except flag. Otherwise, check your firebase.json to ensure that your project is initialized for the desired features.
